android/app/build/intermediates/manifest_merge_blame_file/release/manifest-merger-blame-release-report.txt
1<?xml version="1.0" encoding="utf-8"?>
2<manifest xmlns:android="http://schemas.android.com/apk/res/android"
3    package="cn.jystudio.janus.escpos"
4    android:versionCode="1"
5    android:versionName="1.0" >
6
7    <uses-sdk
8        android:minSdkVersion="16"
8-->src/main/AndroidManifest.xml
9        android:targetSdkVersion="26" />
9-->src/main/AndroidManifest.xml
10
11    <uses-permission android:name="android.permission.INTERNET" />
11-->src/main/AndroidManifest.xml:4:5-67
11-->src/main/AndroidManifest.xml:4:22-64
12    <uses-permission android:name="android.permission.SYSTEM_ALERT_WINDOW" />
12-->src/main/AndroidManifest.xml:5:5-77
12-->src/main/AndroidManifest.xml:5:22-75
13    <uses-permission android:name="android.permission.BLUETOOTH_ADMIN" />
13-->[:react-native-bluetooth-escpos-printer] AndroidManifest.xml:9:5-74
13-->[:react-native-bluetooth-escpos-printer] AndroidManifest.xml:9:22-71
14    <uses-permission android:name="android.permission.BLUETOOTH" />
14-->[:react-native-bluetooth-escpos-printer] AndroidManifest.xml:10:5-68
14-->[:react-native-bluetooth-escpos-printer] AndroidManifest.xml:10:22-65
15    <uses-permission android:name="android.permission.ACCESS_COARSE_LOCATION" />
15-->[:react-native-bluetooth-escpos-printer] AndroidManifest.xml:11:5-81
15-->[:react-native-bluetooth-escpos-printer] AndroidManifest.xml:11:22-78
16    <uses-permission android:name="android.permission.ACCESS_FINE_LOCATION" />
16-->[:react-native-bluetooth-escpos-printer] AndroidManifest.xml:12:5-79
16-->[:react-native-bluetooth-escpos-printer] AndroidManifest.xml:12:22-76
17    <uses-permission android:name="android.permission.WRITE_EXTERNAL_STORAGE" />
18    <uses-permission android:name="android.permission.READ_PHONE_STATE" />
19    <uses-permission android:name="android.permission.READ_EXTERNAL_STORAGE" />
20
21    <application
21-->src/main/AndroidManifest.xml:7:5-24:19
22        android:name="cn.jystudio.janus.escpos.MainApplication"
22-->src/main/AndroidManifest.xml:8:7-38
23        android:allowBackup="false"
23-->src/main/AndroidManifest.xml:11:7-34
24        android:icon="@mipmap/ic_launcher"
24-->src/main/AndroidManifest.xml:10:7-41
25        android:label="@string/app_name"
25-->src/main/AndroidManifest.xml:9:7-39
26        android:theme="@style/AppTheme" >
26-->src/main/AndroidManifest.xml:12:7-38
27        <activity
27-->src/main/AndroidManifest.xml:13:7-22:18
28            android:name="cn.jystudio.janus.escpos.MainActivity"
28-->src/main/AndroidManifest.xml:14:9-37
29            android:configChanges="keyboard|keyboardHidden|orientation|screenSize"
29-->src/main/AndroidManifest.xml:16:9-79
30            android:label="@string/app_name"
30-->src/main/AndroidManifest.xml:15:9-41
31            android:windowSoftInputMode="adjustResize" >
31-->src/main/AndroidManifest.xml:17:9-51
32            <intent-filter>
32-->src/main/AndroidManifest.xml:18:9-21:25
33                <action android:name="android.intent.action.MAIN" />
33-->src/main/AndroidManifest.xml:19:13-65
33-->src/main/AndroidManifest.xml:19:21-62
34
35                <category android:name="android.intent.category.LAUNCHER" />
35-->src/main/AndroidManifest.xml:20:13-73
35-->src/main/AndroidManifest.xml:20:23-70
36            </intent-filter>
37        </activity>
38        <activity android:name="com.facebook.react.devsupport.DevSettingsActivity" />
38-->src/main/AndroidManifest.xml:23:7-84
38-->src/main/AndroidManifest.xml:23:17-81
39    </application>
40
41</manifest>